Using pre-set license
Built from '2020.2/staging' branch; Version is '2020.2.0b9 (ef2968fa77ae) revision 15673704'; Using compiler version '192528614'; Build Type 'Release'
OS: 'Windows 10  (10.0.0) 64bit' Language: 'ko' Physical Memory: 8080 MB
BatchMode: 1, IsHumanControllingUs: 0, StartBugReporterOnCrash: 0, Is64bit: 1, IsPro: 0

 COMMAND LINE ARGUMENTS:
C:\Program Files\Unity\Editor\2020.2.0b9\Editor\Unity.exe
-adb2
-batchMode
-noUpm
-name
AssetImportWorker0
-projectPath
D:/study/unity/retro_unity_example/Uni-Run
-logFile
Logs/AssetImportWorker0.log
-srvPort
59075
Successfully changed project path to: D:/study/unity/retro_unity_example/Uni-Run
D:/study/unity/retro_unity_example/Uni-Run
Using Asset Import Pipeline V2.
Refreshing native plugins compatible for Editor in 157.89 ms, found 0 plugins.
Preloading 0 native plugins for Editor in 0.00 ms.
Initialize engine version: 2020.2.0b9 (ef2968fa77ae)
[Subsystems] Discovering subsystems at path C:/Program Files/Unity/Editor/2020.2.0b9/Editor/Data/Resources/UnitySubsystems
[Subsystems] Discovering subsystems at path D:/study/unity/retro_unity_example/Uni-Run/Assets
GfxDevice: creating device client; threaded=0
Direct3D:
    Version:  Direct3D 11.0 [level 11.1]
    Renderer: NVIDIA GeForce MX150 (ID=0x1d10)
    Vendor:   
    VRAM:     1983 MB
    Driver:   26.21.14.4223
Initialize mono
Mono path[0] = 'C:/Program Files/Unity/Editor/2020.2.0b9/Editor/Data/Managed'
Mono path[1] = 'C:/Program Files/Unity/Editor/2020.2.0b9/Editor/Data/MonoBleedingEdge/lib/mono/unityjit'
Mono config path = 'C:/Program Files/Unity/Editor/2020.2.0b9/Editor/Data/MonoBleedingEdge/etc'
Using monoOptions --debugger-agent=transport=dt_socket,embedding=1,server=y,suspend=n,address=127.0.0.1:56572
Begin MonoManager ReloadAssembly
Registering precompiled unity dll's ...
Register platform support module: C:/Program Files/Unity/Editor/2020.2.0b9/Editor/Data/PlaybackEngines/WindowsStandaloneSupport/UnityEditor.WindowsStandalone.Extensions.dll
Registered in 0.005670 seconds.
Native extension for WindowsStandalone target not found
Refreshing native plugins compatible for Editor in 78.39 ms, found 0 plugins.
Preloading 0 native plugins for Editor in 0.00 ms.
Invoked RoslynAnalysisRunner static constructor.
RoslynAnalysisRunner will not be running.
RoslynAnalysisRunner has terminated.
Mono: successfully reloaded assembly
- Completed reload, in  2.552 seconds
Platform modules already initialized, skipping
Registering precompiled user dll's ...
Registered in 0.003815 seconds.
Begin MonoManager ReloadAssembly
Symbol file LoadedFromMemory doesn't match image D:\study\unity\retro_unity_example\Uni-Run\Library\PackageCache\com.unity.ext.nunit@1.0.0\net35\unity-custom\nunit.framework.dll
Native extension for WindowsStandalone target not found
Refreshing native plugins compatible for Editor in 0.77 ms, found 0 plugins.
Preloading 0 native plugins for Editor in 0.00 ms.
Invoked RoslynAnalysisRunner static constructor.
RoslynAnalysisRunner will not be running.
RoslynAnalysisRunner has terminated.
Mono: successfully reloaded assembly
- Completed reload, in  2.053 seconds
Platform modules already initialized, skipping
========================================================================
Worker process is ready to serve import requests
Launched and connected shader compiler UnityShaderCompiler.exe after 0.08 seconds
Refreshing native plugins compatible for Editor in 0.75 ms, found 0 plugins.
Preloading 0 native plugins for Editor in 0.00 ms.
Unloading 1345 Unused Serialized files (Serialized files now loaded: 0)
System memory in use before: 63.8 MB.
System memory in use after: 63.9 MB.

Unloading 33 unused Assets to reduce memory usage. Loaded Objects now: 1770.
Total: 4.728500 ms (FindLiveObjects: 0.722000 ms CreateObjectMapping: 0.300100 ms MarkObjects: 3.599000 ms  DeleteObjects: 0.105100 ms)

========================================================================
Received Import Request.
  path: Assets/Sprites/Toko_Run.png
  artifactKey: Guid(d7159a67a357942ef8404ce06e20db64) Importer(815301076,1909f56bfc062723c751e8b465ee728b)
Start importing Assets/Sprites/Toko_Run.png using Guid(d7159a67a357942ef8404ce06e20db64) Importer(815301076,1909f56bfc062723c751e8b465ee728b)  -> (artifact id: '3be0a51ba1ce0d46315d7c44ab154f28') in 0.225364 seconds
  Import took 0.236776 seconds .

========================================================================
Received Import Request.
  Time since last request: 27.550234 seconds.
  path: Assets/Sprites/Toko_Run.png
  artifactKey: Guid(d7159a67a357942ef8404ce06e20db64) Importer(815301076,1909f56bfc062723c751e8b465ee728b)
Start importing Assets/Sprites/Toko_Run.png using Guid(d7159a67a357942ef8404ce06e20db64) Importer(815301076,1909f56bfc062723c751e8b465ee728b)  -> (artifact id: '6ba2222f6a84946d91f9aec42601e155') in 0.175939 seconds
  Import took 0.185697 seconds .

========================================================================
Received Import Request.
  Time since last request: 234.445038 seconds.
  path: Assets/Scripts/BackgroundLoop.cs
  artifactKey: Guid(ad1460fb9aea94c0398043cfb654e4a9) Importer(815301076,1909f56bfc062723c751e8b465ee728b)
Start importing Assets/Scripts/BackgroundLoop.cs using Guid(ad1460fb9aea94c0398043cfb654e4a9) Importer(815301076,1909f56bfc062723c751e8b465ee728b)  -> (artifact id: '6a99bbdc6a5b90f2ddaefd432ad6d199') in 0.023388 seconds
  Import took 0.030645 seconds .

========================================================================
Received Import Request.
  Time since last request: 0.000429 seconds.
  path: Assets/Scripts/PlayerController.cs
  artifactKey: Guid(85f08caec5cd247478bf53a4b7819f3d) Importer(815301076,1909f56bfc062723c751e8b465ee728b)
Start importing Assets/Scripts/PlayerController.cs using Guid(85f08caec5cd247478bf53a4b7819f3d) Importer(815301076,1909f56bfc062723c751e8b465ee728b)  -> (artifact id: 'e21a0bd4aeb9da5d6c60af97d73aa11b') in 0.018799 seconds
  Import took 0.026426 seconds .

========================================================================
Received Import Request.
  Time since last request: 0.000737 seconds.
  path: Assets/Scripts/PlatformSpawner.cs
  artifactKey: Guid(bf3925495abad4c798bedcc50b89dc29) Importer(815301076,1909f56bfc062723c751e8b465ee728b)
Start importing Assets/Scripts/PlatformSpawner.cs using Guid(bf3925495abad4c798bedcc50b89dc29) Importer(815301076,1909f56bfc062723c751e8b465ee728b)  -> (artifact id: 'cda8f6fb3ff88e995aa59287d9da901c') in 0.020628 seconds
  Import took 0.029433 seconds .

========================================================================
Received Import Request.
  Time since last request: 0.000469 seconds.
  path: Assets/Scripts/GameManager.cs
  artifactKey: Guid(d0a745ad4e51e495cad65585c3073da6) Importer(815301076,1909f56bfc062723c751e8b465ee728b)
Start importing Assets/Scripts/GameManager.cs using Guid(d0a745ad4e51e495cad65585c3073da6) Importer(815301076,1909f56bfc062723c751e8b465ee728b)  -> (artifact id: '9d02ef1902091b3b73d1f39191849780') in 0.020062 seconds
  Import took 0.028266 seconds .

========================================================================
Received Import Request.
  Time since last request: 0.000483 seconds.
  path: Assets/Scripts/Platform.cs
  artifactKey: Guid(9f975ef653abb48238f62061ebab1c23) Importer(815301076,1909f56bfc062723c751e8b465ee728b)
Start importing Assets/Scripts/Platform.cs using Guid(9f975ef653abb48238f62061ebab1c23) Importer(815301076,1909f56bfc062723c751e8b465ee728b)  -> (artifact id: '63c0d70c017e6ff33371d3e5765055ae') in 0.019058 seconds
  Import took 0.026339 seconds .

========================================================================
Received Import Request.
  Time since last request: 0.000444 seconds.
  path: Assets/Scripts/ScrollingObject.cs
  artifactKey: Guid(649efa25ad21f497fb803a5b36ada1e8) Importer(815301076,1909f56bfc062723c751e8b465ee728b)
Start importing Assets/Scripts/ScrollingObject.cs using Guid(649efa25ad21f497fb803a5b36ada1e8) Importer(815301076,1909f56bfc062723c751e8b465ee728b)  -> (artifact id: '00c728e5c048867e37d6054cf8d128ff') in 0.018596 seconds
  Import took 0.025623 seconds .

========================================================================
Received Import Request.
  Time since last request: 3.755806 seconds.
  path: Assets/Prefabs/Platform.prefab
  artifactKey: Guid(f9fc9d007ca214ed9ad2949a47f59fb5) Importer(815301076,1909f56bfc062723c751e8b465ee728b)
Start importing Assets/Prefabs/Platform.prefab using Guid(f9fc9d007ca214ed9ad2949a47f59fb5) Importer(815301076,1909f56bfc062723c751e8b465ee728b)  -> (artifact id: '0db0b335161bcadffc597ad55b2693d5') in 0.146270 seconds
  Import took 0.155952 seconds .

========================================================================
Received Import Request.
  Time since last request: 0.586655 seconds.
  path: Assets/Font/Kenney Mini Square.ttf
  artifactKey: Guid(cc62d9f5fc084466e98a53534efd73e7) Importer(815301076,1909f56bfc062723c751e8b465ee728b)
Start importing Assets/Font/Kenney Mini Square.ttf using Guid(cc62d9f5fc084466e98a53534efd73e7) Importer(815301076,1909f56bfc062723c751e8b465ee728b)  -> (artifact id: 'f6233bb2467dfa1031bc11fc7af3ff11') in 0.162873 seconds
  Import took 0.170619 seconds .

========================================================================
Received Import Request.
  Time since last request: 0.000914 seconds.
  path: Assets/Font/License.txt
  artifactKey: Guid(65f0e178cc812495e9bdbef85d4a21f9) Importer(815301076,1909f56bfc062723c751e8b465ee728b)
Start importing Assets/Font/License.txt using Guid(65f0e178cc812495e9bdbef85d4a21f9) Importer(815301076,1909f56bfc062723c751e8b465ee728b)  -> (artifact id: '614dc7b5433b5891798043cc7368b758') in 0.050244 seconds
  Import took 0.063638 seconds .

========================================================================
Received Import Request.
  Time since last request: 0.473143 seconds.
  path: Assets/Main.unity
  artifactKey: Guid(b4a2f7054fc6b644980295f57b11161b) Importer(815301076,1909f56bfc062723c751e8b465ee728b)
Start importing Assets/Main.unity using Guid(b4a2f7054fc6b644980295f57b11161b) Importer(815301076,1909f56bfc062723c751e8b465ee728b)  -> (artifact id: 'fd07b4747d4e8fbdb2055d50757e3d6c') in 0.017801 seconds
  Import took 0.023745 seconds .

========================================================================
Received Import Request.
  Time since last request: 0.006389 seconds.
  path: Assets/Main.unity
  artifactKey: Guid(b4a2f7054fc6b644980295f57b11161b) Importer(815301076,1909f56bfc062723c751e8b465ee728b)
Start importing Assets/Main.unity using Guid(b4a2f7054fc6b644980295f57b11161b) Importer(815301076,1909f56bfc062723c751e8b465ee728b)  -> (artifact id: 'fd07b4747d4e8fbdb2055d50757e3d6c') in 0.008632 seconds
  Import took 0.014235 seconds .

========================================================================
Received Import Request.
  Time since last request: 0.735731 seconds.
  path: Assets
  artifactKey: Guid(00000000000000001000000000000000) Importer(815301076,1909f56bfc062723c751e8b465ee728b)
Start importing Assets using Guid(00000000000000001000000000000000) Importer(815301076,1909f56bfc062723c751e8b465ee728b)  -> (artifact id: 'd0e3bd6536682841991fcc1c1bd0cd16') in 0.036540 seconds
  Import took 0.048499 seconds .

========================================================================
Received Import Request.
  Time since last request: 0.003543 seconds.
  path: Assets
  artifactKey: Guid(00000000000000001000000000000000) Importer(815301076,1909f56bfc062723c751e8b465ee728b)
Start importing Assets using Guid(00000000000000001000000000000000) Importer(815301076,1909f56bfc062723c751e8b465ee728b)  -> (artifact id: 'd0e3bd6536682841991fcc1c1bd0cd16') in 0.007766 seconds
  Import took 0.016774 seconds .

========================================================================
Received Import Request.
  Time since last request: 13.987289 seconds.
  path: Assets/Animations
  artifactKey: Guid(b611b8ab04e3e5c47bb5b7235fa61011) Importer(815301076,1909f56bfc062723c751e8b465ee728b)
Start importing Assets/Animations using Guid(b611b8ab04e3e5c47bb5b7235fa61011) Importer(815301076,1909f56bfc062723c751e8b465ee728b)  -> (artifact id: '49c62916d2092e786b42ceec238c4c25') in 0.025119 seconds
  Import took 0.033292 seconds .

========================================================================
Received Import Request.
  Time since last request: 437.434431 seconds.
  path: Assets/Audio/die.wav
  artifactKey: Guid(668a107660fa54fe98e03b698a09aa49) Importer(815301076,1909f56bfc062723c751e8b465ee728b)
Start importing Assets/Audio/die.wav using Guid(668a107660fa54fe98e03b698a09aa49) Importer(815301076,1909f56bfc062723c751e8b465ee728b)  -> (artifact id: '173235b09e50aa81d13fb965af14aa66') in 0.208056 seconds
  Import took 0.219185 seconds .

========================================================================
Received Import Request.
  Time since last request: 0.000825 seconds.
  path: Assets/Audio/music.wav
  artifactKey: Guid(4dd43bb437e454be4a5cffc8d1065c21) Importer(815301076,1909f56bfc062723c751e8b465ee728b)
Start importing Assets/Audio/music.wav using Guid(4dd43bb437e454be4a5cffc8d1065c21) Importer(815301076,1909f56bfc062723c751e8b465ee728b)  -> (artifact id: '1308707944a1f6c622887510a30d3009') in 0.076340 seconds
  Import took 0.088348 seconds .

========================================================================
Received Import Request.
  Time since last request: 0.000831 seconds.
  path: Assets/Audio/jump.wav
  artifactKey: Guid(7e1e32c51f4da464c97260039524fe15) Importer(815301076,1909f56bfc062723c751e8b465ee728b)
Start importing Assets/Audio/jump.wav using Guid(7e1e32c51f4da464c97260039524fe15) Importer(815301076,1909f56bfc062723c751e8b465ee728b)  -> (artifact id: '99486669cb295c44802ff188ed7d7acf') in 0.072069 seconds
  Import took 0.085716 seconds .

========================================================================
Received Import Request.
  Time since last request: 918.652518 seconds.
  path: Assets/Animations/Die.anim
  artifactKey: Guid(15df3b2d378a4814382914d293208db5) Importer(815301076,1909f56bfc062723c751e8b465ee728b)
Start importing Assets/Animations/Die.anim using Guid(15df3b2d378a4814382914d293208db5) Importer(815301076,1909f56bfc062723c751e8b465ee728b)  -> (artifact id: '54dc7d6fdc706fb342d3727e65110d92') in 0.049471 seconds
  Import took 0.064278 seconds .

========================================================================
Received Import Request.
  Time since last request: 0.000747 seconds.
  path: Assets/Animations/Player.controller
  artifactKey: Guid(76eb639f8b5d0f3428410e960c1691b6) Importer(815301076,1909f56bfc062723c751e8b465ee728b)
Start importing Assets/Animations/Player.controller using Guid(76eb639f8b5d0f3428410e960c1691b6) Importer(815301076,1909f56bfc062723c751e8b465ee728b)  -> (artifact id: '94aae76d4287c5a158358b6550461810') in 0.032698 seconds
  Import took 0.044287 seconds .

========================================================================
Received Import Request.
  Time since last request: 0.000590 seconds.
  path: Assets/Animations/Run.anim
  artifactKey: Guid(f9f9b8f43d70dc94a9af8274a3be8168) Importer(815301076,1909f56bfc062723c751e8b465ee728b)
Start importing Assets/Animations/Run.anim using Guid(f9f9b8f43d70dc94a9af8274a3be8168) Importer(815301076,1909f56bfc062723c751e8b465ee728b)  -> (artifact id: '8928f6b95d090deabae56fc8bedbd41c') in 0.022014 seconds
  Import took 0.031427 seconds .

========================================================================
Received Import Request.
  Time since last request: 0.000535 seconds.
  path: Assets/Animations/Jump.anim
  artifactKey: Guid(288bcfd85648cfd40abe4fc8f5a704c3) Importer(815301076,1909f56bfc062723c751e8b465ee728b)
Start importing Assets/Animations/Jump.anim using Guid(288bcfd85648cfd40abe4fc8f5a704c3) Importer(815301076,1909f56bfc062723c751e8b465ee728b)  -> (artifact id: '302694d8a0d22cc0fee07c226a638990') in 0.022323 seconds
  Import took 0.032838 seconds .

========================================================================
Received Import Request.
  Time since last request: 0.043740 seconds.
  path: Assets/Animations/Run.anim
  artifactKey: Guid(f9f9b8f43d70dc94a9af8274a3be8168) Importer(815301076,1909f56bfc062723c751e8b465ee728b)
Start importing Assets/Animations/Run.anim using Guid(f9f9b8f43d70dc94a9af8274a3be8168) Importer(815301076,1909f56bfc062723c751e8b465ee728b)  -> (artifact id: '8928f6b95d090deabae56fc8bedbd41c') in 0.011924 seconds
  Import took 0.020346 seconds .

AssetImportWorkerClient::OnTransportError - code=2 error=End of file
